401
524
244
449
832
488
275
212
226
67
196
642
891
902
859
762
593
36
639
423
313
301
220
404
146
443
935
7
647
208
716
637
823
979
805
244
740
71
707
960
362
855
348
827
267
122
816
752
583
673
327
896
818
243
31
804
630
48
605
280
103
270
804
459
658
711
401
364
948
186
328
505
539
411
557
934
236
428
704
804
302
385
580
408
499
463
1001
199
982
334
126
469
156
791
589
21
371
579
336
666
686
923
528
648
1000
473
833
98
239
983
336
732
518
295
895
87
352
476
870
416
113
51
364
652
565
894
879
524
487
778
928
420
421
211
902
421
640
437
37
117
965
482
851
915
821
438
253
505
667
60
785
452
412
739
780
908
78
525
196
194
864
629
399
404
20
921
72
1
350
202
933
885
157
904
792
361
701
376
84
557
393
678
332
307
812
996
138
887
809
659
6
703
325
118
509
1008
832
466
960
98
775
746
807
432
423
420
434
651
947
92
474
792
870
375
552
425
499
445
626
26
163
909
595
978
491
1023
771
896
824
988
840
594
361
674
302
22
819
68
274
709
391
731
761
594
265
679
781
240
140
240
389
228
853
127
949
816
579
80
962
433
397
322
873
1005
161
1008
878
372
13
950
451
118
866
659
713
297
709
70
319
645
49
741
73
101
100
326
200
779
703
643
885
701
2
968
747
851
331
589
801
742
465
646
120
676
165
511
920
899
28
709
993
365
161
920
835
193
935
383
845
228
431
273
218
485
823
723
53
987
580
318
861
997
201
84
998
304
100
268
6
541
1004
744
3
586
3
738
147
962
867
891
851
299
66
574
591
615
306
5
882
378
456
75
494
589
173
657
340
866
219
427
232
296
600
367
254
945
577
435
984
378
792
989
6
1004
691
957
523
229
315
71
613
382
544
159
781
977
354
878
47
760
757
1011
426
763
126
169
79
486
155
316
421
503
531
346
412
462
103
651
336
823
605
808
766
130
34
988
815
123
603
157
233
941
667
116
404
923
332
589
203
890
212
690
305
249
537
607
487
742
590
917
959
307
440
219
181
468
869
264
807
60
731
15
622
307
364
958
774
785
77
542
296
422
225
721
127
867
684
354
220
784
551
881
761
534
999
994
997
431
468
215
803
996
247
863
68
851
665
955
935
388
866
983
289
466
284
265
925
447
761
1010
681
501
438
934
500
958
27
400
828
326
650
21
199
928
552
77
948
281
821
565
516
19
844
411
36
292
315
846
386
466
725
981
36
879
979
662
1010
954
714
590
318
517
46
389
361
729
930
575
669
795
451
40
132
458
916
328
819
850
498
851
165
858
892
178
951
469
48
246
778
207
227
534
195
637
51
547
193
161
439
830
84
922
250
628
332
204
707
431
376
740
125
287
871
500
3
285
305
589
770
77
15
600
950
196
612
936
616
858
25
757
989
588
802
608
762
63
520
740
736
985
776
911
770
626
573
884
971
599
607
833
251
587
700
24
529
402
938
358
749
5
42
103
60
662
814
819
208
909
349
413
291
482
826
800
6
94
597
919
194
624
106
338
974
23
624
893
782
724
332
13
396
1022
200
726
761
1021
889
572
684
807
790
527
917
40
470
201
678
319
697
444
928
362
78
570
647
996
28
557
371
672
186
832
907
665
506
812
404
205
238
883
877
7
211
154
409
285
903
657
688
970
648
418
496
755
984
368
538
2
461
113
25
679
319
410
580
179
13
398
707
880
236
509
1004
404
371
177
129
748
146
428
378
426
180
606
821
885
832
324
40
410
902
83
218
614
228
962
345
596
865
356
187
398
183
560
970
833
111
27
395
231
586
739
320
201
223
1020
577
477
458
281
1020
345
525
582
883
1012
1002
62
166
708
611
1001
686
474
260
520
375
926
431
927
644
997
816
387
247
674
165
115
666
760
536
223
393
820
836
888
648
554
908
609
204
582
833
629
1006
400
836
419
867
454
22
277
261
240
107
421
483
496
321
958
210
924
244
86
586
0
37
692
905
576
520
573
957
324
309
630
690
248
412
107
997
319
862
33
500
239
209
599
7
204
517
846
941
233
624
424
756
11
809
29
259
832
522
977
631
649
853
372
955
818
841
440
778
551
583
238
655
71
25
289
469
117
627
372
408
1023
874
905
325
202
580
761
129
310
1023
159
834
1018
527
837
882
918
1016
511
